This is pdfTeX, Version 3.141592653-2.6-1.40.23 (TeX Live 2021/Arch Linux) (preloaded format=pdflatex 2022.4.6)  22 APR 2022 11:39
entering extended mode
 \write18 enabled.
 %&-line parsing enabled.
**ocaml-imperatif.tex
(./ocaml-imperatif.tex
LaTeX2e <2021-11-15> patch level 1
L3 programming layer <2022-02-24>
(/usr/share/texmf-dist/tex/latex/base/fix-cm.sty
Package: fix-cm 2020/11/24 v1.1t fixes to LaTeX

(/usr/share/texmf-dist/tex/latex/base/ts1enc.def
File: ts1enc.def 2001/06/05 v3.0e (jk/car/fm) Standard LaTeX file
LaTeX Font Info:    Redeclaring font encoding TS1 on input line 47.
))
(/usr/share/texmf-dist/tex/latex/koma-script/scrartcl.cls
Document Class: scrartcl 2021/11/13 v3.35 KOMA-Script document class (article)
(/usr/share/texmf-dist/tex/latex/koma-script/scrkbase.sty
Package: scrkbase 2021/11/13 v3.35 KOMA-Script package (KOMA-Script-dependent b
asics and keyval usage)

(/usr/share/texmf-dist/tex/latex/koma-script/scrbase.sty
Package: scrbase 2021/11/13 v3.35 KOMA-Script package (KOMA-Script-independent 
basics and keyval usage)

(/usr/share/texmf-dist/tex/latex/koma-script/scrlfile.sty
Package: scrlfile 2021/11/13 v3.35 KOMA-Script package (file load hooks)

(/usr/share/texmf-dist/tex/latex/koma-script/scrlfile-hook.sty
Package: scrlfile-hook 2021/11/13 v3.35 KOMA-Script package (using LaTeX hooks)


(/usr/share/texmf-dist/tex/latex/koma-script/scrlogo.sty
Package: scrlogo 2021/11/13 v3.35 KOMA-Script package (logo)
)))
(/usr/share/texmf-dist/tex/latex/graphics/keyval.sty
Package: keyval 2014/10/28 v1.15 key=value parser (DPC)
\KV@toks@=\toks16
)
Applying: [2021/05/01] Usage of raw or classic option list on input line 252.
Already applied: [0000/00/00] Usage of raw or classic option list on input line
 368.
))
(/usr/share/texmf-dist/tex/latex/koma-script/tocbasic.sty
Package: tocbasic 2021/11/13 v3.35 KOMA-Script package (handling toc-files)
\scr@dte@tocline@numberwidth=\skip47
\scr@dte@tocline@numbox=\box50
)
Package tocbasic Info: babel extension for `toc' omitted
(tocbasic)             because of missing \bbl@set@language on input line 135.
Class scrartcl Info: File `scrsize11pt.clo' used instead of
(scrartcl)           file `scrsize11.clo' to setup font sizes on input line 224
2.

(/usr/share/texmf-dist/tex/latex/koma-script/scrsize11pt.clo
File: scrsize11pt.clo 2021/11/13 v3.35 KOMA-Script font size class option (11pt
)
)
(/usr/share/texmf-dist/tex/latex/koma-script/typearea.sty
Package: typearea 2021/11/13 v3.35 KOMA-Script package (type area)
\ta@bcor=\skip48
\ta@div=\count185
\ta@hblk=\skip49
\ta@vblk=\skip50
\ta@temp=\skip51
\footheight=\skip52
Package typearea Info: These are the values describing the layout:
(typearea)             DIV  = 10
(typearea)             BCOR = 0.0pt
(typearea)             \paperwidth      = 597.50793pt
(typearea)              \textwidth      = 418.25555pt
(typearea)              DIV departure   = -6%
(typearea)              \evensidemargin = 17.3562pt
(typearea)              \oddsidemargin  = 17.3562pt
(typearea)             \paperheight     = 845.04694pt
(typearea)              \textheight     = 595.80026pt
(typearea)              \topmargin      = -25.16531pt
(typearea)              \headheight     = 17.0pt
(typearea)              \headsep        = 20.40001pt
(typearea)              \topskip        = 11.0pt
(typearea)              \footskip       = 47.6pt
(typearea)              \baselineskip   = 13.6pt
(typearea)              on input line 1743.
)
\c@part=\count186
\c@section=\count187
\c@subsection=\count188
\c@subsubsection=\count189
\c@paragraph=\count190
\c@subparagraph=\count191
\scr@dte@section@maxnumwidth=\skip53
Class scrartcl Info: using compatibility default `runin=bysign'
(scrartcl)           for `\section on input line 4852.
Class scrartcl Info: using compatibility default `afterindent=bysign'
(scrartcl)           for `\section on input line 4852.
\scr@dte@part@maxnumwidth=\skip54
Class scrartcl Info: using compatibility default `afterindent=false'
(scrartcl)           for `\part on input line 4860.
\scr@dte@subsection@maxnumwidth=\skip55
Class scrartcl Info: using compatibility default `runin=bysign'
(scrartcl)           for `\subsection on input line 4870.
Class scrartcl Info: using compatibility default `afterindent=bysign'
(scrartcl)           for `\subsection on input line 4870.
\scr@dte@subsubsection@maxnumwidth=\skip56
Class scrartcl Info: using compatibility default `runin=bysign'
(scrartcl)           for `\subsubsection on input line 4880.
Class scrartcl Info: using compatibility default `afterindent=bysign'
(scrartcl)           for `\subsubsection on input line 4880.
\scr@dte@paragraph@maxnumwidth=\skip57
Class scrartcl Info: using compatibility default `runin=bysign'
(scrartcl)           for `\paragraph on input line 4891.
Class scrartcl Info: using compatibility default `afterindent=bysign'
(scrartcl)           for `\paragraph on input line 4891.
\scr@dte@subparagraph@maxnumwidth=\skip58
Class scrartcl Info: using compatibility default `runin=bysign'
(scrartcl)           for `\subparagraph on input line 4901.
Class scrartcl Info: using compatibility default `afterindent=bysign'
(scrartcl)           for `\subparagraph on input line 4901.
\abovecaptionskip=\skip59
\belowcaptionskip=\skip60
\c@pti@nb@sid@b@x=\box51
Package tocbasic Info: babel extension for `lof' omitted
(tocbasic)             because of missing \bbl@set@language on input line 6076.

\scr@dte@figure@maxnumwidth=\skip61
\c@figure=\count192
Package tocbasic Info: babel extension for `lot' omitted
(tocbasic)             because of missing \bbl@set@language on input line 6091.

\scr@dte@table@maxnumwidth=\skip62
\c@table=\count193
Class scrartcl Info: Redefining `\numberline' on input line 6258.
\bibindent=\dimen138
)
(/home/matthieu/Documents/Ecole/Informatique/cours/annexe-ocaml-imperatif.latex
/include/preamble.tex (/usr/share/texmf/tex/latex/minted/minted.sty
Package: minted 2021/12/24 v2.6 Yet another Pygments shim for LaTeX

(/usr/share/texmf-dist/tex/latex/kvoptions/kvoptions.sty
Package: kvoptions 2020-10-07 v3.14 Key value format for package options (HO)

(/usr/share/texmf-dist/tex/generic/ltxcmds/ltxcmds.sty
Package: ltxcmds 2020-05-10 v1.25 LaTeX kernel commands for general use (HO)
)
(/usr/share/texmf-dist/tex/generic/kvsetkeys/kvsetkeys.sty
Package: kvsetkeys 2019/12/15 v1.18 Key value parser (HO)
))
(/usr/share/texmf/tex/latex/fvextra/fvextra.sty
Package: fvextra 2019/02/04 v1.4 fvextra - extensions and patches for fancyvrb

(/usr/share/texmf-dist/tex/latex/base/ifthen.sty
Package: ifthen 2020/11/24 v1.1c Standard LaTeX ifthen package (DPC)
)
(/usr/share/texmf-dist/tex/latex/etoolbox/etoolbox.sty
Package: etoolbox 2020/10/05 v2.5k e-TeX tools for LaTeX (JAW)
\etb@tempcnta=\count194
)
(/usr/share/texmf-dist/tex/latex/fancyvrb/fancyvrb.sty
Package: fancyvrb 2021/12/21 4.1b verbatim text (tvz,hv)
\FV@CodeLineNo=\count195
\FV@InFile=\read2
\FV@TabBox=\box52
\c@FancyVerbLine=\count196
\FV@StepNumber=\count197
\FV@OutFile=\write3
)
(/usr/share/texmf-dist/tex/latex/upquote/upquote.sty
Package: upquote 2012/04/19 v1.3 upright-quote and grave-accent glyphs in verba
tim
)
(/usr/share/texmf-dist/tex/latex/lineno/lineno.sty
Package: lineno 2005/11/02 line numbers on paragraphs v4.41
\linenopenalty=\count198
\output=\toks17
\linenoprevgraf=\count199
\linenumbersep=\dimen139
\linenumberwidth=\dimen140
\c@linenumber=\count266
\c@pagewiselinenumber=\count267
\c@LN@truepage=\count268
\c@internallinenumber=\count269
\c@internallinenumbers=\count270
\quotelinenumbersep=\dimen141
\bframerule=\dimen142
\bframesep=\dimen143
\bframebox=\box53
LaTeX Info: Redefining \\ on input line 3056.
)
\c@FV@TrueTabGroupLevel=\count271
\c@FV@TrueTabCounter=\count272
\FV@TabBox@Group=\box54
\FV@TmpLength=\skip63
\c@FV@HighlightLinesStart=\count273
\c@FV@HighlightLinesStop=\count274
\FV@LoopCount=\count275
\FV@NCharsBox=\box55
\FV@BreakIndent=\dimen144
\FV@BreakIndentNChars=\count276
\FV@BreakSymbolSepLeft=\dimen145
\FV@BreakSymbolSepLeftNChars=\count277
\FV@BreakSymbolSepRight=\dimen146
\FV@BreakSymbolSepRightNChars=\count278
\FV@BreakSymbolIndentLeft=\dimen147
\FV@BreakSymbolIndentLeftNChars=\count279
\FV@BreakSymbolIndentRight=\dimen148
\FV@BreakSymbolIndentRightNChars=\count280
\c@FancyVerbLineBreakLast=\count281
\FV@LineBox=\box56
\FV@LineIndentBox=\box57
\FV@LineWidth=\dimen149
)
(/usr/share/texmf-dist/tex/latex/tools/calc.sty
Package: calc 2017/05/25 v4.3 Infix arithmetic (KKT,FJ)
\calc@Acount=\count282
\calc@Bcount=\count283
\calc@Adimen=\dimen150
\calc@Bdimen=\dimen151
\calc@Askip=\skip64
\calc@Bskip=\skip65
LaTeX Info: Redefining \setlength on input line 80.
LaTeX Info: Redefining \addtolength on input line 81.
\calc@Ccount=\count284
\calc@Cskip=\skip66
)
(/usr/share/texmf-dist/tex/latex/tools/shellesc.sty
Package: shellesc 2019/11/08 v1.0c unified shell escape interface for LaTeX
Package shellesc Info: Unrestricted shell escape enabled on input line 75.
)
(/usr/share/texmf-dist/tex/latex/ifplatform/ifplatform.sty
Package: ifplatform 2017/10/13 v0.4a Testing for the operating system

(/usr/share/texmf-dist/tex/generic/pdftexcmds/pdftexcmds.sty
Package: pdftexcmds 2020-06-27 v0.33 Utility functions of pdfTeX for LuaTeX (HO
)

(/usr/share/texmf-dist/tex/generic/infwarerr/infwarerr.sty
Package: infwarerr 2019/12/03 v1.5 Providing info/warning/error messages (HO)
)
(/usr/share/texmf-dist/tex/generic/iftex/iftex.sty
Package: iftex 2022/02/03 v1.0f TeX engine tests
)
Package pdftexcmds Info: \pdf@primitive is available.
Package pdftexcmds Info: \pdf@ifprimitive is available.
Package pdftexcmds Info: \pdfdraftmode found.
)
(/usr/share/texmf-dist/tex/generic/catchfile/catchfile.sty
Package: catchfile 2019/12/09 v1.8 Catch the contents of a file (HO)

(/usr/share/texmf-dist/tex/generic/etexcmds/etexcmds.sty
Package: etexcmds 2019/12/15 v1.7 Avoid name clashes with e-TeX commands (HO)
))
(/usr/share/texmf-dist/tex/generic/iftex/ifluatex.sty
Package: ifluatex 2019/10/25 v1.5 ifluatex legacy package. Use iftex instead.
)
runsystem(uname -s > "ocaml-imperatif.w18")...executed.

 (./ocaml-imperatif.w18)
runsystem(rm -- "ocaml-imperatif.w18")...executed.

) (/usr/share/texmf-dist/tex/generic/xstring/xstring.sty
(/usr/share/texmf-dist/tex/generic/xstring/xstring.tex
\integerpart=\count285
\decimalpart=\count286
)
Package: xstring 2021/07/21 v1.84 String manipulations (CT)
)
(/usr/share/texmf-dist/tex/latex/framed/framed.sty
Package: framed 2011/10/22 v 0.96: framed or shaded text with page breaks
\OuterFrameSep=\skip67
\fb@frw=\dimen152
\fb@frh=\dimen153
\FrameRule=\dimen154
\FrameSep=\dimen155
)
(/usr/share/texmf-dist/tex/latex/float/float.sty
Package: float 2001/11/08 v1.3d Float enhancements (AL)
\c@float@type=\count287
\float@exts=\toks18
\float@box=\box58
\@float@everytoks=\toks19
\@floatcapt=\box59
)
\minted@appexistsfile=\read3
\minted@bgbox=\box60
\minted@code=\write4
\c@minted@FancyVerbLineTemp=\count288
\c@minted@pygmentizecounter=\count289
\@float@every@listing=\toks20
\c@listing=\count290
)
(/usr/share/texmf-dist/tex/latex/amsmath/amsmath.sty
Package: amsmath 2021/10/15 v2.17l AMS math features
\@mathmargin=\skip68

For additional information on amsmath, use the `?' option.
(/usr/share/texmf-dist/tex/latex/amsmath/amstext.sty
Package: amstext 2021/08/26 v2.01 AMS text

(/usr/share/texmf-dist/tex/latex/amsmath/amsgen.sty
File: amsgen.sty 1999/11/30 v2.0 generic functions
\@emptytoks=\toks21
\ex@=\dimen156
))
(/usr/share/texmf-dist/tex/latex/amsmath/amsbsy.sty
Package: amsbsy 1999/11/29 v1.2d Bold Symbols
\pmbraise@=\dimen157
)
(/usr/share/texmf-dist/tex/latex/amsmath/amsopn.sty
Package: amsopn 2021/08/26 v2.02 operator names
)
\inf@bad=\count291
LaTeX Info: Redefining \frac on input line 234.
\uproot@=\count292
\leftroot@=\count293
LaTeX Info: Redefining \overline on input line 399.
\classnum@=\count294
\DOTSCASE@=\count295
LaTeX Info: Redefining \ldots on input line 496.
LaTeX Info: Redefining \dots on input line 499.
LaTeX Info: Redefining \cdots on input line 620.
\Mathstrutbox@=\box61
\strutbox@=\box62
\big@size=\dimen158
LaTeX Font Info:    Redeclaring font encoding OML on input line 743.
LaTeX Font Info:    Redeclaring font encoding OMS on input line 744.
\macc@depth=\count296
\c@MaxMatrixCols=\count297
\dotsspace@=\muskip16
\c@parentequation=\count298
\dspbrk@lvl=\count299
\tag@help=\toks22
\row@=\count300
\column@=\count301
\maxfields@=\count302
\andhelp@=\toks23
\eqnshift@=\dimen159
\alignsep@=\dimen160
\tagshift@=\dimen161
\tagwidth@=\dimen162
\totwidth@=\dimen163
\lineht@=\dimen164
\@envbody=\toks24
\multlinegap=\skip69
\multlinetaggap=\skip70
\mathdisplay@stack=\toks25
LaTeX Info: Redefining \[ on input line 2938.
LaTeX Info: Redefining \] on input line 2939.
)
(/usr/share/texmf-dist/tex/latex/amsfonts/amsfonts.sty
Package: amsfonts 2013/01/14 v3.01 Basic AMSFonts support
\symAMSa=\mathgroup4
\symAMSb=\mathgroup5
LaTeX Font Info:    Redeclaring math symbol \hbar on input line 98.
LaTeX Font Info:    Overwriting math alphabet `\mathfrak' in version `bold'
(Font)                  U/euf/m/n --> U/euf/b/n on input line 106.
)
(/usr/share/texmf-dist/tex/latex/amsfonts/amssymb.sty
Package: amssymb 2013/01/14 v3.01 AMS font symbols
)
(/usr/share/texmf-dist/tex/latex/mathtools/mathtools.sty
Package: mathtools 2022/02/07 v1.28a mathematical typesetting tools

(/usr/share/texmf-dist/tex/latex/mathtools/mhsetup.sty
Package: mhsetup 2021/03/18 v1.4 programming setup (MH)
)
\g_MT_multlinerow_int=\count303
\l_MT_multwidth_dim=\dimen165
\origjot=\skip71
\l_MT_shortvdotswithinadjustabove_dim=\dimen166
\l_MT_shortvdotswithinadjustbelow_dim=\dimen167
\l_MT_above_intertext_sep=\dimen168
\l_MT_below_intertext_sep=\dimen169
\l_MT_above_shortintertext_sep=\dimen170
\l_MT_below_shortintertext_sep=\dimen171
\xmathstrut@box=\box63
\xmathstrut@dim=\dimen172
)
(/usr/share/texmf-dist/tex/latex/cancel/cancel.sty
Package: cancel 2013/04/12 v2.2 Cancel math terms
)
(/usr/share/texmf-dist/tex/latex/jknapltx/mathrsfs.sty
Package: mathrsfs 1996/01/01 Math RSFS package v1.0 (jk)
\symrsfs=\mathgroup6
)
(/usr/share/texmf-dist/tex/latex/stmaryrd/stmaryrd.sty
Package: stmaryrd 1994/03/03 St Mary's Road symbol package
\symstmry=\mathgroup7
LaTeX Font Info:    Overwriting symbol font `stmry' in version `bold'
(Font)                  U/stmry/m/n --> U/stmry/b/n on input line 89.
)
(/usr/share/texmf-dist/tex/latex/xcolor/xcolor.sty
Package: xcolor 2021/10/31 v2.13 LaTeX color extensions (UK)

(/usr/share/texmf-dist/tex/latex/graphics-cfg/color.cfg
File: color.cfg 2016/01/02 v1.6 sample color configuration
)
Package xcolor Info: Driver file: pdftex.def on input line 227.

(/usr/share/texmf-dist/tex/latex/graphics-def/pdftex.def
File: pdftex.def 2020/10/05 v1.2a Graphics/color driver for pdftex
)
Package xcolor Info: Model `cmy' substituted by `cmy0' on input line 1352.
Package xcolor Info: Model `hsb' substituted by `rgb' on input line 1356.
Package xcolor Info: Model `RGB' extended on input line 1368.
Package xcolor Info: Model `HTML' substituted by `rgb' on input line 1370.
Package xcolor Info: Model `Hsb' substituted by `hsb' on input line 1371.
Package xcolor Info: Model `tHsb' substituted by `hsb' on input line 1372.
Package xcolor Info: Model `HSB' substituted by `hsb' on input line 1373.
Package xcolor Info: Model `Gray' substituted by `gray' on input line 1374.
Package xcolor Info: Model `wave' substituted by `hsb' on input line 1375.
)
(/usr/share/texmf-dist/tex/latex/pgf/frontendlayer/tikz.sty
(/usr/share/texmf-dist/tex/latex/pgf/basiclayer/pgf.sty
(/usr/share/texmf-dist/tex/latex/pgf/utilities/pgfrcs.sty
(/usr/share/texmf-dist/tex/generic/pgf/utilities/pgfutil-common.tex
\pgfutil@everybye=\toks26
\pgfutil@tempdima=\dimen173
\pgfutil@tempdimb=\dimen174

(/usr/share/texmf-dist/tex/generic/pgf/utilities/pgfutil-common-lists.tex))
(/usr/share/texmf-dist/tex/generic/pgf/utilities/pgfutil-latex.def
\pgfutil@abb=\box64
)
(/usr/share/texmf-dist/tex/generic/pgf/utilities/pgfrcs.code.tex
(/usr/share/texmf-dist/tex/generic/pgf/pgf.revision.tex)
Package: pgfrcs 2021/05/15 v3.1.9a (3.1.9a)
))
Package: pgf 2021/05/15 v3.1.9a (3.1.9a)

(/usr/share/texmf-dist/tex/latex/pgf/basiclayer/pgfcore.sty
(/usr/share/texmf-dist/tex/latex/graphics/graphicx.sty
Package: graphicx 2021/09/16 v1.2d Enhanced LaTeX Graphics (DPC,SPQR)

(/usr/share/texmf-dist/tex/latex/graphics/graphics.sty
Package: graphics 2021/03/04 v1.4d Standard LaTeX Graphics (DPC,SPQR)

(/usr/share/texmf-dist/tex/latex/graphics/trig.sty
Package: trig 2021/08/11 v1.11 sin cos tan (DPC)
)
(/usr/share/texmf-dist/tex/latex/graphics-cfg/graphics.cfg
File: graphics.cfg 2016/06/04 v1.11 sample graphics configuration
)
Package graphics Info: Driver file: pdftex.def on input line 107.
)
\Gin@req@height=\dimen175
\Gin@req@width=\dimen176
)
(/usr/share/texmf-dist/tex/latex/pgf/systemlayer/pgfsys.sty
(/usr/share/texmf-dist/tex/generic/pgf/systemlayer/pgfsys.code.tex
Package: pgfsys 2021/05/15 v3.1.9a (3.1.9a)

(/usr/share/texmf-dist/tex/generic/pgf/utilities/pgfkeys.code.tex
\pgfkeys@pathtoks=\toks27
\pgfkeys@temptoks=\toks28

(/usr/share/texmf-dist/tex/generic/pgf/utilities/pgfkeysfiltered.code.tex
\pgfkeys@tmptoks=\toks29
))
\pgf@x=\dimen177
\pgf@y=\dimen178
\pgf@xa=\dimen179
\pgf@ya=\dimen180
\pgf@xb=\dimen181
\pgf@yb=\dimen182
\pgf@xc=\dimen183
\pgf@yc=\dimen184
\pgf@xd=\dimen185
\pgf@yd=\dimen186
\w@pgf@writea=\write5
\r@pgf@reada=\read4
\c@pgf@counta=\count304
\c@pgf@countb=\count305
\c@pgf@countc=\count306
\c@pgf@countd=\count307
\t@pgf@toka=\toks30
\t@pgf@tokb=\toks31
\t@pgf@tokc=\toks32
\pgf@sys@id@count=\count308

(/usr/share/texmf-dist/tex/generic/pgf/systemlayer/pgf.cfg
File: pgf.cfg 2021/05/15 v3.1.9a (3.1.9a)
)
Driver file for pgf: pgfsys-pdftex.def

(/usr/share/texmf-dist/tex/generic/pgf/systemlayer/pgfsys-pdftex.def
File: pgfsys-pdftex.def 2021/05/15 v3.1.9a (3.1.9a)

(/usr/share/texmf-dist/tex/generic/pgf/systemlayer/pgfsys-common-pdf.def
File: pgfsys-common-pdf.def 2021/05/15 v3.1.9a (3.1.9a)
)))
(/usr/share/texmf-dist/tex/generic/pgf/systemlayer/pgfsyssoftpath.code.tex
File: pgfsyssoftpath.code.tex 2021/05/15 v3.1.9a (3.1.9a)
\pgfsyssoftpath@smallbuffer@items=\count309
\pgfsyssoftpath@bigbuffer@items=\count310
)
(/usr/share/texmf-dist/tex/generic/pgf/systemlayer/pgfsysprotocol.code.tex
File: pgfsysprotocol.code.tex 2021/05/15 v3.1.9a (3.1.9a)
))
(/usr/share/texmf-dist/tex/generic/pgf/basiclayer/pgfcore.code.tex
Package: pgfcore 2021/05/15 v3.1.9a (3.1.9a)

(/usr/share/texmf-dist/tex/generic/pgf/math/pgfmath.code.tex
(/usr/share/texmf-dist/tex/generic/pgf/math/pgfmathcalc.code.tex
(/usr/share/texmf-dist/tex/generic/pgf/math/pgfmathutil.code.tex)
(/usr/share/texmf-dist/tex/generic/pgf/math/pgfmathparser.code.tex
\pgfmath@dimen=\dimen187
\pgfmath@count=\count311
\pgfmath@box=\box65
\pgfmath@toks=\toks33
\pgfmath@stack@operand=\toks34
\pgfmath@stack@operation=\toks35
)
(/usr/share/texmf-dist/tex/generic/pgf/math/pgfmathfunctions.code.tex
(/usr/share/texmf-dist/tex/generic/pgf/math/pgfmathfunctions.basic.code.tex)
(/usr/share/texmf-dist/tex/generic/pgf/math/pgfmathfunctions.trigonometric.code
.tex)
(/usr/share/texmf-dist/tex/generic/pgf/math/pgfmathfunctions.random.code.tex)
(/usr/share/texmf-dist/tex/generic/pgf/math/pgfmathfunctions.comparison.code.te
x) (/usr/share/texmf-dist/tex/generic/pgf/math/pgfmathfunctions.base.code.tex)
(/usr/share/texmf-dist/tex/generic/pgf/math/pgfmathfunctions.round.code.tex)
(/usr/share/texmf-dist/tex/generic/pgf/math/pgfmathfunctions.misc.code.tex)
(/usr/share/texmf-dist/tex/generic/pgf/math/pgfmathfunctions.integerarithmetics
.code.tex))) (/usr/share/texmf-dist/tex/generic/pgf/math/pgfmathfloat.code.tex
\c@pgfmathroundto@lastzeros=\count312
)) (/usr/share/texmf-dist/tex/generic/pgf/math/pgfint.code.tex)
(/usr/share/texmf-dist/tex/generic/pgf/basiclayer/pgfcorepoints.code.tex
File: pgfcorepoints.code.tex 2021/05/15 v3.1.9a (3.1.9a)
\pgf@picminx=\dimen188
\pgf@picmaxx=\dimen189
\pgf@picminy=\dimen190
\pgf@picmaxy=\dimen191
\pgf@pathminx=\dimen192
\pgf@pathmaxx=\dimen193
\pgf@pathminy=\dimen194
\pgf@pathmaxy=\dimen195
\pgf@xx=\dimen196
\pgf@xy=\dimen197
\pgf@yx=\dimen198
\pgf@yy=\dimen199
\pgf@zx=\dimen256
\pgf@zy=\dimen257
)
(/usr/share/texmf-dist/tex/generic/pgf/basiclayer/pgfcorepathconstruct.code.tex
File: pgfcorepathconstruct.code.tex 2021/05/15 v3.1.9a (3.1.9a)
\pgf@path@lastx=\dimen258
\pgf@path@lasty=\dimen259
) (/usr/share/texmf-dist/tex/generic/pgf/basiclayer/pgfcorepathusage.code.tex
File: pgfcorepathusage.code.tex 2021/05/15 v3.1.9a (3.1.9a)
\pgf@shorten@end@additional=\dimen260
\pgf@shorten@start@additional=\dimen261
)
(/usr/share/texmf-dist/tex/generic/pgf/basiclayer/pgfcorescopes.code.tex
File: pgfcorescopes.code.tex 2021/05/15 v3.1.9a (3.1.9a)
\pgfpic=\box66
\pgf@hbox=\box67
\pgf@layerbox@main=\box68
\pgf@picture@serial@count=\count313
)
(/usr/share/texmf-dist/tex/generic/pgf/basiclayer/pgfcoregraphicstate.code.tex
File: pgfcoregraphicstate.code.tex 2021/05/15 v3.1.9a (3.1.9a)
\pgflinewidth=\dimen262
)
(/usr/share/texmf-dist/tex/generic/pgf/basiclayer/pgfcoretransformations.code.t
ex
File: pgfcoretransformations.code.tex 2021/05/15 v3.1.9a (3.1.9a)
\pgf@pt@x=\dimen263
\pgf@pt@y=\dimen264
\pgf@pt@temp=\dimen265
) (/usr/share/texmf-dist/tex/generic/pgf/basiclayer/pgfcorequick.code.tex
File: pgfcorequick.code.tex 2021/05/15 v3.1.9a (3.1.9a)
)
(/usr/share/texmf-dist/tex/generic/pgf/basiclayer/pgfcoreobjects.code.tex
File: pgfcoreobjects.code.tex 2021/05/15 v3.1.9a (3.1.9a)
)
(/usr/share/texmf-dist/tex/generic/pgf/basiclayer/pgfcorepathprocessing.code.te
x
File: pgfcorepathprocessing.code.tex 2021/05/15 v3.1.9a (3.1.9a)
) (/usr/share/texmf-dist/tex/generic/pgf/basiclayer/pgfcorearrows.code.tex
File: pgfcorearrows.code.tex 2021/05/15 v3.1.9a (3.1.9a)
\pgfarrowsep=\dimen266
)
(/usr/share/texmf-dist/tex/generic/pgf/basiclayer/pgfcoreshade.code.tex
File: pgfcoreshade.code.tex 2021/05/15 v3.1.9a (3.1.9a)
\pgf@max=\dimen267
\pgf@sys@shading@range@num=\count314
\pgf@shadingcount=\count315
)
(/usr/share/texmf-dist/tex/generic/pgf/basiclayer/pgfcoreimage.code.tex
File: pgfcoreimage.code.tex 2021/05/15 v3.1.9a (3.1.9a)

(/usr/share/texmf-dist/tex/generic/pgf/basiclayer/pgfcoreexternal.code.tex
File: pgfcoreexternal.code.tex 2021/05/15 v3.1.9a (3.1.9a)
\pgfexternal@startupbox=\box69
))
(/usr/share/texmf-dist/tex/generic/pgf/basiclayer/pgfcorelayers.code.tex
File: pgfcorelayers.code.tex 2021/05/15 v3.1.9a (3.1.9a)
)
(/usr/share/texmf-dist/tex/generic/pgf/basiclayer/pgfcoretransparency.code.tex
File: pgfcoretransparency.code.tex 2021/05/15 v3.1.9a (3.1.9a)
) (/usr/share/texmf-dist/tex/generic/pgf/basiclayer/pgfcorepatterns.code.tex
File: pgfcorepatterns.code.tex 2021/05/15 v3.1.9a (3.1.9a)
)
(/usr/share/texmf-dist/tex/generic/pgf/basiclayer/pgfcorerdf.code.tex
File: pgfcorerdf.code.tex 2021/05/15 v3.1.9a (3.1.9a)
)))
(/usr/share/texmf-dist/tex/generic/pgf/modules/pgfmoduleshapes.code.tex
File: pgfmoduleshapes.code.tex 2021/05/15 v3.1.9a (3.1.9a)
\pgfnodeparttextbox=\box70
)
(/usr/share/texmf-dist/tex/generic/pgf/modules/pgfmoduleplot.code.tex
File: pgfmoduleplot.code.tex 2021/05/15 v3.1.9a (3.1.9a)
)
(/usr/share/texmf-dist/tex/latex/pgf/compatibility/pgfcomp-version-0-65.sty
Package: pgfcomp-version-0-65 2021/05/15 v3.1.9a (3.1.9a)
\pgf@nodesepstart=\dimen268
\pgf@nodesepend=\dimen269
)
(/usr/share/texmf-dist/tex/latex/pgf/compatibility/pgfcomp-version-1-18.sty
Package: pgfcomp-version-1-18 2021/05/15 v3.1.9a (3.1.9a)
))
(/usr/share/texmf-dist/tex/latex/pgf/utilities/pgffor.sty
(/usr/share/texmf-dist/tex/latex/pgf/utilities/pgfkeys.sty
(/usr/share/texmf-dist/tex/generic/pgf/utilities/pgfkeys.code.tex))
(/usr/share/texmf-dist/tex/latex/pgf/math/pgfmath.sty
(/usr/share/texmf-dist/tex/generic/pgf/math/pgfmath.code.tex))
(/usr/share/texmf-dist/tex/generic/pgf/utilities/pgffor.code.tex
Package: pgffor 2021/05/15 v3.1.9a (3.1.9a)

(/usr/share/texmf-dist/tex/generic/pgf/math/pgfmath.code.tex)
\pgffor@iter=\dimen270
\pgffor@skip=\dimen271
\pgffor@stack=\toks36
\pgffor@toks=\toks37
))
(/usr/share/texmf-dist/tex/generic/pgf/frontendlayer/tikz/tikz.code.tex
Package: tikz 2021/05/15 v3.1.9a (3.1.9a)

(/usr/share/texmf-dist/tex/generic/pgf/libraries/pgflibraryplothandlers.code.te
x
File: pgflibraryplothandlers.code.tex 2021/05/15 v3.1.9a (3.1.9a)
\pgf@plot@mark@count=\count316
\pgfplotmarksize=\dimen272
)
\tikz@lastx=\dimen273
\tikz@lasty=\dimen274
\tikz@lastxsaved=\dimen275
\tikz@lastysaved=\dimen276
\tikz@lastmovetox=\dimen277
\tikz@lastmovetoy=\dimen278
\tikzleveldistance=\dimen279
\tikzsiblingdistance=\dimen280
\tikz@figbox=\box71
\tikz@figbox@bg=\box72
\tikz@tempbox=\box73
\tikz@tempbox@bg=\box74
\tikztreelevel=\count317
\tikznumberofchildren=\count318
\tikznumberofcurrentchild=\count319
\tikz@fig@count=\count320
 (/usr/share/texmf-dist/tex/generic/pgf/modules/pgfmodulematrix.code.tex
File: pgfmodulematrix.code.tex 2021/05/15 v3.1.9a (3.1.9a)
\pgfmatrixcurrentrow=\count321
\pgfmatrixcurrentcolumn=\count322
\pgf@matrix@numberofcolumns=\count323
)
\tikz@expandcount=\count324

(/usr/share/texmf-dist/tex/generic/pgf/frontendlayer/tikz/libraries/tikzlibrary
topaths.code.tex
File: tikzlibrarytopaths.code.tex 2021/05/15 v3.1.9a (3.1.9a)
))) (/usr/share/texmf-dist/tex/latex/tools/tabularx.sty
Package: tabularx 2020/01/15 v2.11c `tabularx' package (DPC)

(/usr/share/texmf-dist/tex/latex/tools/array.sty
Package: array 2021/10/04 v2.5f Tabular extension package (FMi)
\col@sep=\dimen281
\ar@mcellbox=\box75
\extrarowheight=\dimen282
\NC@list=\toks38
\extratabsurround=\skip72
\backup@length=\skip73
\ar@cellbox=\box76
)
\TX@col@width=\dimen283
\TX@old@table=\dimen284
\TX@old@col=\dimen285
\TX@target=\dimen286
\TX@delta=\dimen287
\TX@cols=\count325
\TX@ftn=\toks39
)
(/usr/share/texmf-dist/tex/latex/booktabs/booktabs.sty
Package: booktabs 2020/01/12 v1.61803398 Publication quality tables
\heavyrulewidth=\dimen288
\lightrulewidth=\dimen289
\cmidrulewidth=\dimen290
\belowrulesep=\dimen291
\belowbottomsep=\dimen292
\aboverulesep=\dimen293
\abovetopsep=\dimen294
\cmidrulesep=\dimen295
\cmidrulekern=\dimen296
\defaultaddspace=\dimen297
\@cmidla=\count326
\@cmidlb=\count327
\@aboverulesep=\dimen298
\@belowrulesep=\dimen299
\@thisruleclass=\count328
\@lastruleclass=\count329
\@thisrulewidth=\dimen300
)
(/usr/share/texmf-dist/tex/latex/ltablex/ltablex.sty
Package: ltablex 2014/08/13 v1.1 Modified tabularx

(/usr/share/texmf-dist/tex/latex/tools/longtable.sty
Package: longtable 2021-09-01 v4.17 Multi-page Table package (DPC)
\LTleft=\skip74
\LTright=\skip75
\LTpre=\skip76
\LTpost=\skip77
\LTchunksize=\count330
\LTcapwidth=\dimen301
\LT@head=\box77
\LT@firsthead=\box78
\LT@foot=\box79
\LT@lastfoot=\box80
\LT@gbox=\box81
\LT@cols=\count331
\LT@rows=\count332
\c@LT@tables=\count333
\c@LT@chunks=\count334
\LT@p@ftn=\toks40
)
Class scrartcl Info: longtable captions redefined on input line 143.
)
(/usr/share/texmf-dist/tex/latex/multirow/multirow.sty
Package: multirow 2021/03/15 v2.8 Span multiple rows of a table
\multirow@colwidth=\skip78
\multirow@cntb=\count335
\multirow@dima=\skip79
\bigstrutjot=\dimen302
)
(/usr/share/texmf-dist/tex/latex/enumitem/enumitem.sty
Package: enumitem 2019/06/20 v3.9 Customized lists
\labelindent=\skip80
\enit@outerparindent=\dimen303
\enit@toks=\toks41
\enit@inbox=\box82
\enit@count@id=\count336
\enitdp@description=\count337
)
(/usr/share/texmf-dist/tex/latex/tools/multicol.sty
Package: multicol 2021/10/28 v1.9b multicolumn formatting (FMi)
\c@tracingmulticols=\count338
\mult@box=\box83
\multicol@leftmargin=\dimen304
\c@unbalance=\count339
\c@collectmore=\count340
\doublecol@number=\count341
\multicoltolerance=\count342
\multicolpretolerance=\count343
\full@width=\dimen305
\page@free=\dimen306
\premulticols=\dimen307
\postmulticols=\dimen308
\multicolsep=\skip81
\multicolbaselineskip=\skip82
\partial@page=\box84
\last@line=\box85
\maxbalancingoverflow=\dimen309
\mult@rightbox=\box86
\mult@grightbox=\box87
\mult@firstbox=\box88
\mult@gfirstbox=\box89
\@tempa=\box90
\@tempa=\box91
\@tempa=\box92
\@tempa=\box93
\@tempa=\box94
\@tempa=\box95
\@tempa=\box96
\@tempa=\box97
\@tempa=\box98
\@tempa=\box99
\@tempa=\box100
\@tempa=\box101
\@tempa=\box102
\@tempa=\box103
\@tempa=\box104
\@tempa=\box105
\@tempa=\box106
\@tempa=\box107
\@tempa=\box108
\@tempa=\box109
\@tempa=\box110
\@tempa=\box111
\@tempa=\box112
\@tempa=\box113
\@tempa=\box114
\@tempa=\box115
\@tempa=\box116
\@tempa=\box117
\@tempa=\box118
\@tempa=\box119
\@tempa=\box120
\@tempa=\box121
\@tempa=\box122
\@tempa=\box123
\@tempa=\box124
\@tempa=\box125
\c@minrows=\count344
\c@columnbadness=\count345
\c@finalcolumnbadness=\count346
\last@try=\dimen310
\multicolovershoot=\dimen311
\multicolundershoot=\dimen312
\mult@nat@firstbox=\box126
\colbreak@box=\box127
\mc@col@check@num=\count347
)
(/usr/share/texmf-dist/tex/latex/adjustbox/adjustbox.sty
Package: adjustbox 2020/08/19 v1.3 Adjusting TeX boxes (trim, clip, ...)

(/usr/share/texmf-dist/tex/latex/xkeyval/xkeyval.sty
Package: xkeyval 2020/11/20 v2.8 package option processing (HA)

(/usr/share/texmf-dist/tex/generic/xkeyval/xkeyval.tex
(/usr/share/texmf-dist/tex/generic/xkeyval/xkvutils.tex
\XKV@toks=\toks42
\XKV@tempa@toks=\toks43
)
\XKV@depth=\count348
File: xkeyval.tex 2014/12/03 v2.7a key=value parser (HA)
))
(/usr/share/texmf-dist/tex/latex/adjustbox/adjcalc.sty
Package: adjcalc 2012/05/16 v1.1 Provides advanced setlength with multiple back
-ends (calc, etex, pgfmath)
)
(/usr/share/texmf-dist/tex/latex/adjustbox/trimclip.sty
Package: trimclip 2020/08/19 v1.2 Trim and clip general TeX material

(/usr/share/texmf-dist/tex/latex/collectbox/collectbox.sty
Package: collectbox 2012/05/17 v0.4b Collect macro arguments as boxes
\collectedbox=\box128
)
\tc@llx=\dimen313
\tc@lly=\dimen314
\tc@urx=\dimen315
\tc@ury=\dimen316
Package trimclip Info: Using driver 'tc-pdftex.def'.

(/usr/share/texmf-dist/tex/latex/adjustbox/tc-pdftex.def
File: tc-pdftex.def 2019/01/04 v2.2 Clipping driver for pdftex
))
\adjbox@Width=\dimen317
\adjbox@Height=\dimen318
\adjbox@Depth=\dimen319
\adjbox@Totalheight=\dimen320
\adjbox@pwidth=\dimen321
\adjbox@pheight=\dimen322
\adjbox@pdepth=\dimen323
\adjbox@ptotalheight=\dimen324

(/usr/share/texmf-dist/tex/latex/ifoddpage/ifoddpage.sty
Package: ifoddpage 2016/04/23 v1.1 Conditionals for odd/even page detection
\c@checkoddpage=\count349
)
(/usr/share/texmf-dist/tex/latex/varwidth/varwidth.sty
Package: varwidth 2009/03/30 ver 0.92;  Variable-width minipages
\@vwid@box=\box129
\sift@deathcycles=\count350
\@vwid@loff=\dimen325
\@vwid@roff=\dimen326
))
(/usr/share/texmf-dist/tex/latex/geometry/geometry.sty
Package: geometry 2020/01/02 v5.9 Page Geometry

(/usr/share/texmf-dist/tex/generic/iftex/ifvtex.sty
Package: ifvtex 2019/10/25 v1.7 ifvtex legacy package. Use iftex instead.
)
\Gm@cnth=\count351
\Gm@cntv=\count352
\c@Gm@tempcnt=\count353
\Gm@bindingoffset=\dimen327
\Gm@wd@mp=\dimen328
\Gm@odd@mp=\dimen329
\Gm@even@mp=\dimen330
\Gm@layoutwidth=\dimen331
\Gm@layoutheight=\dimen332
\Gm@layouthoffset=\dimen333
\Gm@layoutvoffset=\dimen334
\Gm@dimlist=\toks44
)
(/usr/share/texmf-dist/tex/latex/koma-script/scrlayer-scrpage.sty
Package: scrlayer-scrpage 2021/11/13 v3.35 KOMA-Script package (end user interf
ace for scrlayer)

(/usr/share/texmf-dist/tex/latex/koma-script/scrlayer.sty
Package: scrlayer 2021/11/13 v3.35 KOMA-Script package (defining layers and pag
e styles)
Package scrlayer Info: Using already defined \footheight
(scrlayer)             hoping, that this is a length and
(scrlayer)             not only a macro on input line 136.
Package scrlayer Info: patching LaTeX kernel macro \pagestyle on input line 216
2.
)
Package scrlayer-scrpage Info: Makeing stand-alone element `pagehead' from
(scrlayer-scrpage)             alias to `pageheadfoot' on input line 1085.
Package scrlayer-scrpage Info: deactivating warning for font element
(scrlayer-scrpage)             `pagefoot' on input line 1109.
)
Package scrlayer-scrpage Info: auto-selection of `pagestyleset=KOMA-Script'.

(/usr/share/texmf-dist/tex/generic/ulem/ulem.sty
\UL@box=\box130
\UL@hyphenbox=\box131
\UL@skip=\skip83
\UL@hook=\toks45
\UL@height=\dimen335
\UL@pe=\count354
\UL@pixel=\dimen336
\ULC@box=\box132
Package: ulem 2019/11/18
\ULdepth=\dimen337
)
(/usr/share/texmf-dist/tex/generic/babel/babel.sty
Package: babel 2022/02/26 3.73 The Babel package
\babel@savecnt=\count355
\U@D=\dimen338
\l@unhyphenated=\language87

(/usr/share/texmf-dist/tex/generic/babel/txtbabel.def)
\bbl@readstream=\read5
\bbl@dirlevel=\count356

(/usr/share/texmf-dist/tex/generic/babel-french/french.ldf
Language: french 2021/07/20 v3.5m French support from the babel system
Package babel Info: Hyphen rules for 'acadian' set to \l@french
(babel)             (\language29). Reported on input line 91.
Package babel Info: Hyphen rules for 'canadien' set to \l@french
(babel)             (\language29). Reported on input line 92.
\FB@nonchar=\count357
Package babel Info: Making : an active character on input line 430.
Package babel Info: Making ; an active character on input line 431.
Package babel Info: Making ! an active character on input line 432.
Package babel Info: Making ? an active character on input line 433.
\FBguill@level=\count358
\FBold@everypar=\toks46
\FB@Mht=\dimen339
\mc@charclass=\count359
\mc@charfam=\count360
\mc@charslot=\count361
\std@mcc=\count362
\dec@mcc=\count363
\listindentFB=\dimen340
\descindentFB=\dimen341
\labelindentFB=\dimen342
\labelwidthFB=\dimen343
\leftmarginFB=\dimen344
\parindentFFN=\dimen345
\FBfnindent=\dimen346
))
(/usr/share/texmf-dist/tex/latex/carlisle/scalefnt.sty)
(/usr/share/texmf-dist/tex/latex/base/fontenc.sty
Package: fontenc 2021/04/29 v2.0v Standard LaTeX package
)
\c@compteurExos=\count364
)
(/home/matthieu/Documents/Ecole/Informatique/cours/annexe-ocaml-imperatif.latex
/include/math-tools.tex) (/usr/share/texmf-dist/tex/latex/lm/lmodern.sty
Package: lmodern 2015/05/01 v1.6.1 Latin Modern Fonts
LaTeX Font Info:    Overwriting symbol font `operators' in version `normal'
(Font)                  OT1/cmr/m/n --> OT1/lmr/m/n on input line 22.
LaTeX Font Info:    Overwriting symbol font `letters' in version `normal'
(Font)                  OML/cmm/m/it --> OML/lmm/m/it on input line 23.
LaTeX Font Info:    Overwriting symbol font `symbols' in version `normal'
(Font)                  OMS/cmsy/m/n --> OMS/lmsy/m/n on input line 24.
LaTeX Font Info:    Overwriting symbol font `largesymbols' in version `normal'
(Font)                  OMX/cmex/m/n --> OMX/lmex/m/n on input line 25.
LaTeX Font Info:    Overwriting symbol font `operators' in version `bold'
(Font)                  OT1/cmr/bx/n --> OT1/lmr/bx/n on input line 26.
LaTeX Font Info:    Overwriting symbol font `letters' in version `bold'
(Font)                  OML/cmm/b/it --> OML/lmm/b/it on input line 27.
LaTeX Font Info:    Overwriting symbol font `symbols' in version `bold'
(Font)                  OMS/cmsy/b/n --> OMS/lmsy/b/n on input line 28.
LaTeX Font Info:    Overwriting symbol font `largesymbols' in version `bold'
(Font)                  OMX/cmex/m/n --> OMX/lmex/m/n on input line 29.
LaTeX Font Info:    Overwriting math alphabet `\mathbf' in version `normal'
(Font)                  OT1/cmr/bx/n --> OT1/lmr/bx/n on input line 31.
LaTeX Font Info:    Overwriting math alphabet `\mathsf' in version `normal'
(Font)                  OT1/cmss/m/n --> OT1/lmss/m/n on input line 32.
LaTeX Font Info:    Overwriting math alphabet `\mathit' in version `normal'
(Font)                  OT1/cmr/m/it --> OT1/lmr/m/it on input line 33.
LaTeX Font Info:    Overwriting math alphabet `\mathtt' in version `normal'
(Font)                  OT1/cmtt/m/n --> OT1/lmtt/m/n on input line 34.
LaTeX Font Info:    Overwriting math alphabet `\mathbf' in version `bold'
(Font)                  OT1/cmr/bx/n --> OT1/lmr/bx/n on input line 35.
LaTeX Font Info:    Overwriting math alphabet `\mathsf' in version `bold'
(Font)                  OT1/cmss/bx/n --> OT1/lmss/bx/n on input line 36.
LaTeX Font Info:    Overwriting math alphabet `\mathit' in version `bold'
(Font)                  OT1/cmr/bx/it --> OT1/lmr/bx/it on input line 37.
LaTeX Font Info:    Overwriting math alphabet `\mathtt' in version `bold'
(Font)                  OT1/cmtt/m/n --> OT1/lmtt/m/n on input line 38.
)
(/usr/share/texmf-dist/tex/latex/base/textcomp.sty
Package: textcomp 2020/02/02 v2.0n Standard LaTeX package
)
runsystem(which pygmentize && touch ocaml-imperatif.aex)...executed.

runsystem(rm ocaml-imperatif.aex)...executed.

LaTeX Font Info:    Trying to load font information for T1+lmr on input line 19
.

(/usr/share/texmf-dist/tex/latex/lm/t1lmr.fd
File: t1lmr.fd 2015/05/01 v1.6.1 Font defs for Latin Modern
)
(/usr/share/texmf-dist/tex/latex/l3backend/l3backend-pdftex.def
File: l3backend-pdftex.def 2022-02-07 L3 backend support: PDF output (pdfTeX)
\l__color_backend_stack_int=\count365
\l__pdf_internal_box=\box133
)
(../obj/ocaml-imperatif.aux)
\openout1 = `ocaml-imperatif.aux'.

LaTeX Font Info:    Checking defaults for OML/cmm/m/it on input line 19.
LaTeX Font Info:    ... okay on input line 19.
LaTeX Font Info:    Checking defaults for OMS/cmsy/m/n on input line 19.
LaTeX Font Info:    ... okay on input line 19.
LaTeX Font Info:    Checking defaults for OT1/cmr/m/n on input line 19.
LaTeX Font Info:    ... okay on input line 19.
LaTeX Font Info:    Checking defaults for T1/cmr/m/n on input line 19.
LaTeX Font Info:    ... okay on input line 19.
LaTeX Font Info:    Checking defaults for TS1/cmr/m/n on input line 19.
LaTeX Font Info:    ... okay on input line 19.
LaTeX Font Info:    Checking defaults for OMX/cmex/m/n on input line 19.
LaTeX Font Info:    ... okay on input line 19.
LaTeX Font Info:    Checking defaults for U/cmr/m/n on input line 19.
LaTeX Font Info:    ... okay on input line 19.

(/usr/share/texmf-dist/tex/context/base/mkii/supp-pdf.mkii
[Loading MPS to PDF converter (version 2006.09.02).]
\scratchcounter=\count366
\scratchdimen=\dimen347
\scratchbox=\box134
\nofMPsegments=\count367
\nofMParguments=\count368
\everyMPshowfont=\toks47
\MPscratchCnt=\count369
\MPscratchDim=\dimen348
\MPnumerator=\count370
\makeMPintoPDFobject=\count371
\everyMPtoPDFconversion=\toks48
) (/usr/share/texmf-dist/tex/latex/epstopdf-pkg/epstopdf-base.sty
Package: epstopdf-base 2020-01-24 v2.11 Base part for package epstopdf
Package epstopdf-base Info: Redefining graphics rule for `.eps' on input line 4
85.

(/usr/share/texmf-dist/tex/latex/latexconfig/epstopdf-sys.cfg
File: epstopdf-sys.cfg 2010/07/13 v1.3 Configuration of (r)epstopdf for TeX Liv
e
))
*geometry* driver: auto-detecting
*geometry* detected driver: pdftex
*geometry* verbose mode - [ preamble ] result:
* driver: pdftex
* paper: a4paper
* layout: <same size as paper>
* layoutoffset:(h,v)=(0.0pt,0.0pt)
* modes: includefoot 
* h-part:(L,W,R)=(42.67912pt, 512.14963pt, 42.67912pt)
* v-part:(T,H,B)=(28.45274pt, 788.14136pt, 28.45274pt)
* \paperwidth=597.50787pt
* \paperheight=845.04684pt
* \textwidth=512.14963pt
* \textheight=759.68861pt
* \oddsidemargin=-29.59087pt
* \evensidemargin=-29.59087pt
* \topmargin=-81.21725pt
* \headheight=17.0pt
* \headsep=20.40001pt
* \topskip=11.0pt
* \footskip=28.45274pt
* \marginparwidth=59.7508pt
* \marginparsep=12.8401pt
* \columnsep=10.0pt
* \skip\footins=10.0pt plus 4.0pt minus 2.0pt
* \hoffset=0.0pt
* \voffset=0.0pt
* \mag=1000
* \@twocolumnfalse
* \@twosidefalse
* \@mparswitchfalse
* \@reversemarginfalse
* (1in=72.27pt=25.4mm, 1cm=28.453pt)

LaTeX Info: Redefining \degres on input line 19.
LaTeX Info: Redefining \up on input line 19.
LaTeX Font Info:    Trying to load font information for T1+lmss on input line 2
1.
(/usr/share/texmf-dist/tex/latex/lm/t1lmss.fd
File: t1lmss.fd 2015/05/01 v1.6.1 Font defs for Latin Modern
)
LaTeX Font Info:    Trying to load font information for OT1+lmr on input line 2
1.

(/usr/share/texmf-dist/tex/latex/lm/ot1lmr.fd
File: ot1lmr.fd 2015/05/01 v1.6.1 Font defs for Latin Modern
)
LaTeX Font Info:    Trying to load font information for OML+lmm on input line 2
1.

(/usr/share/texmf-dist/tex/latex/lm/omllmm.fd
File: omllmm.fd 2015/05/01 v1.6.1 Font defs for Latin Modern
)
LaTeX Font Info:    Trying to load font information for OMS+lmsy on input line 
21.

(/usr/share/texmf-dist/tex/latex/lm/omslmsy.fd
File: omslmsy.fd 2015/05/01 v1.6.1 Font defs for Latin Modern
)
LaTeX Font Info:    Trying to load font information for OMX+lmex on input line 
21.

(/usr/share/texmf-dist/tex/latex/lm/omxlmex.fd
File: omxlmex.fd 2015/05/01 v1.6.1 Font defs for Latin Modern
)
LaTeX Font Info:    External font `lmex10' loaded for size
(Font)              <14.4> on input line 21.
LaTeX Font Info:    External font `lmex10' loaded for size
(Font)              <10> on input line 21.
LaTeX Font Info:    External font `lmex10' loaded for size
(Font)              <7> on input line 21.
LaTeX Font Info:    Trying to load font information for U+msa on input line 21.


(/usr/share/texmf-dist/tex/latex/amsfonts/umsa.fd
File: umsa.fd 2013/01/14 v3.01 AMS symbols A
)
LaTeX Font Info:    Trying to load font information for U+msb on input line 21.


(/usr/share/texmf-dist/tex/latex/amsfonts/umsb.fd
File: umsb.fd 2013/01/14 v3.01 AMS symbols B
)
LaTeX Font Info:    Trying to load font information for U+rsfs on input line 21
.

(/usr/share/texmf-dist/tex/latex/jknapltx/ursfs.fd
File: ursfs.fd 1998/03/24 rsfs font definition file (jk)
)
LaTeX Font Info:    Trying to load font information for U+stmry on input line 2
1.

(/usr/share/texmf-dist/tex/latex/stmaryrd/Ustmry.fd)
LaTeX Font Info:    Trying to load font information for T1+lmtt on input line 2
1.

(/usr/share/texmf-dist/tex/latex/lm/t1lmtt.fd
File: t1lmtt.fd 2015/05/01 v1.6.1 Font defs for Latin Modern
)
LaTeX Font Info:    Font shape `T1/lmtt/bx/n' in size <14.4> not available
(Font)              Font shape `T1/lmtt/b/n' tried instead on input line 22.
LaTeX Font Info:    Font shape `T1/cmss/b/n' in size <10.95> not available
(Font)              Font shape `T1/cmss/bx/n' tried instead on input line 27.
\openout3 = `ocaml-imperatif.pyg'.

runsystem(pygmentize -S default -f latex -P commandprefix=PYG > /home/matthieu/
Documents/Ecole/Informatique/cours/annexe-ocaml-imperatif.latex/obj/ocaml-imper
atif.out.pyg)...executed.


(/home/matthieu/Documents/Ecole/Informatique/cours/annexe-ocaml-imperatif.latex
/obj/ocaml-imperatif.out.pyg)
runsystem(which python3 && touch ocaml-imperatif.aex)...executed.

runsystem(rm ocaml-imperatif.aex)...executed.

runsystem(python3 -c "import sys; import os; import textwrap; from io import op
en; fname = os.path.expanduser(os.path.expandvars(\"/home/matthieu/Documents/Ec
ole/Informatique/cours/annexe-ocaml-imperatif.latex/obj/ocaml-imperatif.pyg\"))
; f = open(fname, \"r\", encoding=\"UTF8\") if os.path.isfile(fname) else None;
 t = f.readlines() if f is not None else None; t_opt = t if t is not None else 
[]; f.close() if f is not None else None; tmpfname = os.path.expanduser(os.path
.expandvars(\"/home/matthieu/Documents/Ecole/Informatique/cours/annexe-ocaml-im
peratif.latex/obj/ocaml-imperatif.pyg\")); f = open(tmpfname, \"w\", encoding=\
"UTF8\") if t is not None else None; fvstartnum = 0; fvstopnum = -1; s = max(0,
 fvstartnum-1); e = min(s, fvstopnum if fvstopnum > 0 else len(t_opt)); [f.writ
e(textwrap.dedent(\"\".join(x))) for x in (t_opt[0:s], t_opt[s:e], t_opt[e:]) i
f x and t is not None]; f.close() if t is not None else os.remove(tmpfname);").
..executed.

runsystem(pygmentize -l ocaml -f latex -P commandprefix=PYG -F tokenmerge -P st
ripnl=False -P mathescape=True -o /home/matthieu/Documents/Ecole/Informatique/c
ours/annexe-ocaml-imperatif.latex/obj/ocaml-imperatif.out.pyg /home/matthieu/Do
cuments/Ecole/Informatique/cours/annexe-ocaml-imperatif.latex/obj/ocaml-imperat
if.pyg)...executed.


(/home/matthieu/Documents/Ecole/Informatique/cours/annexe-ocaml-imperatif.latex
/obj/ocaml-imperatif.out.pyg
LaTeX Font Info:    Font shape `T1/lmtt/bx/n' in size <10.95> not available
(Font)              Font shape `T1/lmtt/b/n' tried instead on input line 2.
)
\openout4 = `ocaml-imperatif.pyg'.

runsystem(pygmentize -l ocaml -f latex -P commandprefix=PYG -F tokenmerge -P st
ripnl=False -o /home/matthieu/Documents/Ecole/Informatique/cours/annexe-ocaml-i
mperatif.latex/obj/ocaml-imperatif.out.pyg /home/matthieu/Documents/Ecole/Infor
matique/cours/annexe-ocaml-imperatif.latex/obj/ocaml-imperatif.pyg)...executed.


(/home/matthieu/Documents/Ecole/Informatique/cours/annexe-ocaml-imperatif.latex
/obj/ocaml-imperatif.out.pyg)
\openout4 = `ocaml-imperatif.pyg'.

runsystem(pygmentize -l ocaml -f latex -P commandprefix=PYG -F tokenmerge -P st
ripnl=False -o /home/matthieu/Documents/Ecole/Informatique/cours/annexe-ocaml-i
mperatif.latex/obj/ocaml-imperatif.out.pyg /home/matthieu/Documents/Ecole/Infor
matique/cours/annexe-ocaml-imperatif.latex/obj/ocaml-imperatif.pyg)...executed.


(/home/matthieu/Documents/Ecole/Informatique/cours/annexe-ocaml-imperatif.latex
/obj/ocaml-imperatif.out.pyg)
\openout4 = `ocaml-imperatif.pyg'.

runsystem(pygmentize -l ocaml -f latex -P commandprefix=PYG -F tokenmerge -P st
ripnl=False -o /home/matthieu/Documents/Ecole/Informatique/cours/annexe-ocaml-i
mperatif.latex/obj/ocaml-imperatif.out.pyg /home/matthieu/Documents/Ecole/Infor
matique/cours/annexe-ocaml-imperatif.latex/obj/ocaml-imperatif.pyg)...executed.


(/home/matthieu/Documents/Ecole/Informatique/cours/annexe-ocaml-imperatif.latex
/obj/ocaml-imperatif.out.pyg)
\openout4 = `ocaml-imperatif.pyg'.

runsystem(pygmentize -l ocaml -f latex -P commandprefix=PYG -F tokenmerge -P st
ripnl=False -o /home/matthieu/Documents/Ecole/Informatique/cours/annexe-ocaml-i
mperatif.latex/obj/ocaml-imperatif.out.pyg /home/matthieu/Documents/Ecole/Infor
matique/cours/annexe-ocaml-imperatif.latex/obj/ocaml-imperatif.pyg)...executed.


(/home/matthieu/Documents/Ecole/Informatique/cours/annexe-ocaml-imperatif.latex
/obj/ocaml-imperatif.out.pyg)
\openout3 = `ocaml-imperatif.pyg'.

runsystem(python3 -c "import sys; import os; import textwrap; from io import op
en; fname = os.path.expanduser(os.path.expandvars(\"/home/matthieu/Documents/Ec
ole/Informatique/cours/annexe-ocaml-imperatif.latex/obj/ocaml-imperatif.pyg\"))
; f = open(fname, \"r\", encoding=\"UTF8\") if os.path.isfile(fname) else None;
 t = f.readlines() if f is not None else None; t_opt = t if t is not None else 
[]; f.close() if f is not None else None; tmpfname = os.path.expanduser(os.path
.expandvars(\"/home/matthieu/Documents/Ecole/Informatique/cours/annexe-ocaml-im
peratif.latex/obj/ocaml-imperatif.pyg\")); f = open(tmpfname, \"w\", encoding=\
"UTF8\") if t is not None else None; fvstartnum = 0; fvstopnum = -1; s = max(0,
 fvstartnum-1); e = min(s, fvstopnum if fvstopnum > 0 else len(t_opt)); [f.writ
e(textwrap.dedent(\"\".join(x))) for x in (t_opt[0:s], t_opt[s:e], t_opt[e:]) i
f x and t is not None]; f.close() if t is not None else os.remove(tmpfname);").
..executed.

runsystem(pygmentize -l ocaml -f latex -P commandprefix=PYG -F tokenmerge -P st
ripnl=False -P mathescape=True -o /home/matthieu/Documents/Ecole/Informatique/c
ours/annexe-ocaml-imperatif.latex/obj/ocaml-imperatif.out.pyg /home/matthieu/Do
cuments/Ecole/Informatique/cours/annexe-ocaml-imperatif.latex/obj/ocaml-imperat
if.pyg)...executed.


(/home/matthieu/Documents/Ecole/Informatique/cours/annexe-ocaml-imperatif.latex
/obj/ocaml-imperatif.out.pyg)
LaTeX Font Info:    Trying to load font information for TS1+lmr on input line 6
3.
 (/usr/share/texmf-dist/tex/latex/lm/ts1lmr.fd
File: ts1lmr.fd 2015/05/01 v1.6.1 Font defs for Latin Modern
)
\openout3 = `ocaml-imperatif.pyg'.

runsystem(python3 -c "import sys; import os; import textwrap; from io import op
en; fname = os.path.expanduser(os.path.expandvars(\"/home/matthieu/Documents/Ec
ole/Informatique/cours/annexe-ocaml-imperatif.latex/obj/ocaml-imperatif.pyg\"))
; f = open(fname, \"r\", encoding=\"UTF8\") if os.path.isfile(fname) else None;
 t = f.readlines() if f is not None else None; t_opt = t if t is not None else 
[]; f.close() if f is not None else None; tmpfname = os.path.expanduser(os.path
.expandvars(\"/home/matthieu/Documents/Ecole/Informatique/cours/annexe-ocaml-im
peratif.latex/obj/ocaml-imperatif.pyg\")); f = open(tmpfname, \"w\", encoding=\
"UTF8\") if t is not None else None; fvstartnum = 0; fvstopnum = -1; s = max(0,
 fvstartnum-1); e = min(s, fvstopnum if fvstopnum > 0 else len(t_opt)); [f.writ
e(textwrap.dedent(\"\".join(x))) for x in (t_opt[0:s], t_opt[s:e], t_opt[e:]) i
f x and t is not None]; f.close() if t is not None else os.remove(tmpfname);").
..executed.

runsystem(pygmentize -l ocaml -f latex -P commandprefix=PYG -F tokenmerge -P st
ripnl=False -P mathescape=True -o /home/matthieu/Documents/Ecole/Informatique/c
ours/annexe-ocaml-imperatif.latex/obj/ocaml-imperatif.out.pyg /home/matthieu/Do
cuments/Ecole/Informatique/cours/annexe-ocaml-imperatif.latex/obj/ocaml-imperat
if.pyg)...executed.

LaTeX Font Info:    External font `lmex10' loaded for size
(Font)              <10.95> on input line 73.
LaTeX Font Info:    External font `lmex10' loaded for size
(Font)              <8> on input line 73.
LaTeX Font Info:    External font `lmex10' loaded for size
(Font)              <6> on input line 73.

[1


{/var/lib/texmf/fonts/map/pdftex/updmap/pdftex.map}]
(/home/matthieu/Documents/Ecole/Informatique/cours/annexe-ocaml-imperatif.latex
/obj/ocaml-imperatif.out.pyg)
\openout3 = `ocaml-imperatif.pyg'.

runsystem(python3 -c "import sys; import os; import textwrap; from io import op
en; fname = os.path.expanduser(os.path.expandvars(\"/home/matthieu/Documents/Ec
ole/Informatique/cours/annexe-ocaml-imperatif.latex/obj/ocaml-imperatif.pyg\"))
; f = open(fname, \"r\", encoding=\"UTF8\") if os.path.isfile(fname) else None;
 t = f.readlines() if f is not None else None; t_opt = t if t is not None else 
[]; f.close() if f is not None else None; tmpfname = os.path.expanduser(os.path
.expandvars(\"/home/matthieu/Documents/Ecole/Informatique/cours/annexe-ocaml-im
peratif.latex/obj/ocaml-imperatif.pyg\")); f = open(tmpfname, \"w\", encoding=\
"UTF8\") if t is not None else None; fvstartnum = 0; fvstopnum = -1; s = max(0,
 fvstartnum-1); e = min(s, fvstopnum if fvstopnum > 0 else len(t_opt)); [f.writ
e(textwrap.dedent(\"\".join(x))) for x in (t_opt[0:s], t_opt[s:e], t_opt[e:]) i
f x and t is not None]; f.close() if t is not None else os.remove(tmpfname);").
..executed.

runsystem(pygmentize -l ocaml -f latex -P commandprefix=PYG -F tokenmerge -P st
ripnl=False -P mathescape=True -o /home/matthieu/Documents/Ecole/Informatique/c
ours/annexe-ocaml-imperatif.latex/obj/ocaml-imperatif.out.pyg /home/matthieu/Do
cuments/Ecole/Informatique/cours/annexe-ocaml-imperatif.latex/obj/ocaml-imperat
if.pyg)...executed.


(/home/matthieu/Documents/Ecole/Informatique/cours/annexe-ocaml-imperatif.latex
/obj/ocaml-imperatif.out.pyg)
\openout3 = `ocaml-imperatif.pyg'.

runsystem(python3 -c "import sys; import os; import textwrap; from io import op
en; fname = os.path.expanduser(os.path.expandvars(\"/home/matthieu/Documents/Ec
ole/Informatique/cours/annexe-ocaml-imperatif.latex/obj/ocaml-imperatif.pyg\"))
; f = open(fname, \"r\", encoding=\"UTF8\") if os.path.isfile(fname) else None;
 t = f.readlines() if f is not None else None; t_opt = t if t is not None else 
[]; f.close() if f is not None else None; tmpfname = os.path.expanduser(os.path
.expandvars(\"/home/matthieu/Documents/Ecole/Informatique/cours/annexe-ocaml-im
peratif.latex/obj/ocaml-imperatif.pyg\")); f = open(tmpfname, \"w\", encoding=\
"UTF8\") if t is not None else None; fvstartnum = 0; fvstopnum = -1; s = max(0,
 fvstartnum-1); e = min(s, fvstopnum if fvstopnum > 0 else len(t_opt)); [f.writ
e(textwrap.dedent(\"\".join(x))) for x in (t_opt[0:s], t_opt[s:e], t_opt[e:]) i
f x and t is not None]; f.close() if t is not None else os.remove(tmpfname);").
..executed.

runsystem(pygmentize -l ocaml -f latex -P commandprefix=PYG -F tokenmerge -P st
ripnl=False -P mathescape=True -o /home/matthieu/Documents/Ecole/Informatique/c
ours/annexe-ocaml-imperatif.latex/obj/ocaml-imperatif.out.pyg /home/matthieu/Do
cuments/Ecole/Informatique/cours/annexe-ocaml-imperatif.latex/obj/ocaml-imperat
if.pyg)...executed.


(/home/matthieu/Documents/Ecole/Informatique/cours/annexe-ocaml-imperatif.latex
/obj/ocaml-imperatif.out.pyg)
\openout3 = `ocaml-imperatif.pyg'.

runsystem(python3 -c "import sys; import os; import textwrap; from io import op
en; fname = os.path.expanduser(os.path.expandvars(\"/home/matthieu/Documents/Ec
ole/Informatique/cours/annexe-ocaml-imperatif.latex/obj/ocaml-imperatif.pyg\"))
; f = open(fname, \"r\", encoding=\"UTF8\") if os.path.isfile(fname) else None;
 t = f.readlines() if f is not None else None; t_opt = t if t is not None else 
[]; f.close() if f is not None else None; tmpfname = os.path.expanduser(os.path
.expandvars(\"/home/matthieu/Documents/Ecole/Informatique/cours/annexe-ocaml-im
peratif.latex/obj/ocaml-imperatif.pyg\")); f = open(tmpfname, \"w\", encoding=\
"UTF8\") if t is not None else None; fvstartnum = 0; fvstopnum = -1; s = max(0,
 fvstartnum-1); e = min(s, fvstopnum if fvstopnum > 0 else len(t_opt)); [f.writ
e(textwrap.dedent(\"\".join(x))) for x in (t_opt[0:s], t_opt[s:e], t_opt[e:]) i
f x and t is not None]; f.close() if t is not None else os.remove(tmpfname);").
..executed.

runsystem(pygmentize -l ocaml -f latex -P commandprefix=PYG -F tokenmerge -P st
ripnl=False -P mathescape=True -o /home/matthieu/Documents/Ecole/Informatique/c
ours/annexe-ocaml-imperatif.latex/obj/ocaml-imperatif.out.pyg /home/matthieu/Do
cuments/Ecole/Informatique/cours/annexe-ocaml-imperatif.latex/obj/ocaml-imperat
if.pyg)...executed.


(/home/matthieu/Documents/Ecole/Informatique/cours/annexe-ocaml-imperatif.latex
/obj/ocaml-imperatif.out.pyg)
LaTeX Font Info:    Font shape `T1/lmtt/bx/n' in size <12> not available
(Font)              Font shape `T1/lmtt/b/n' tried instead on input line 103.
\openout3 = `ocaml-imperatif.pyg'.

runsystem(python3 -c "import sys; import os; import textwrap; from io import op
en; fname = os.path.expanduser(os.path.expandvars(\"/home/matthieu/Documents/Ec
ole/Informatique/cours/annexe-ocaml-imperatif.latex/obj/ocaml-imperatif.pyg\"))
; f = open(fname, \"r\", encoding=\"UTF8\") if os.path.isfile(fname) else None;
 t = f.readlines() if f is not None else None; t_opt = t if t is not None else 
[]; f.close() if f is not None else None; tmpfname = os.path.expanduser(os.path
.expandvars(\"/home/matthieu/Documents/Ecole/Informatique/cours/annexe-ocaml-im
peratif.latex/obj/ocaml-imperatif.pyg\")); f = open(tmpfname, \"w\", encoding=\
"UTF8\") if t is not None else None; fvstartnum = 0; fvstopnum = -1; s = max(0,
 fvstartnum-1); e = min(s, fvstopnum if fvstopnum > 0 else len(t_opt)); [f.writ
e(textwrap.dedent(\"\".join(x))) for x in (t_opt[0:s], t_opt[s:e], t_opt[e:]) i
f x and t is not None]; f.close() if t is not None else os.remove(tmpfname);").
..executed.

runsystem(pygmentize -l ocaml -f latex -P commandprefix=PYG -F tokenmerge -P st
ripnl=False -P mathescape=True -o /home/matthieu/Documents/Ecole/Informatique/c
ours/annexe-ocaml-imperatif.latex/obj/ocaml-imperatif.out.pyg /home/matthieu/Do
cuments/Ecole/Informatique/cours/annexe-ocaml-imperatif.latex/obj/ocaml-imperat
if.pyg)...executed.


(/home/matthieu/Documents/Ecole/Informatique/cours/annexe-ocaml-imperatif.latex
/obj/ocaml-imperatif.out.pyg)
\openout3 = `ocaml-imperatif.pyg'.

runsystem(python3 -c "import sys; import os; import textwrap; from io import op
en; fname = os.path.expanduser(os.path.expandvars(\"/home/matthieu/Documents/Ec
ole/Informatique/cours/annexe-ocaml-imperatif.latex/obj/ocaml-imperatif.pyg\"))
; f = open(fname, \"r\", encoding=\"UTF8\") if os.path.isfile(fname) else None;
 t = f.readlines() if f is not None else None; t_opt = t if t is not None else 
[]; f.close() if f is not None else None; tmpfname = os.path.expanduser(os.path
.expandvars(\"/home/matthieu/Documents/Ecole/Informatique/cours/annexe-ocaml-im
peratif.latex/obj/ocaml-imperatif.pyg\")); f = open(tmpfname, \"w\", encoding=\
"UTF8\") if t is not None else None; fvstartnum = 0; fvstopnum = -1; s = max(0,
 fvstartnum-1); e = min(s, fvstopnum if fvstopnum > 0 else len(t_opt)); [f.writ
e(textwrap.dedent(\"\".join(x))) for x in (t_opt[0:s], t_opt[s:e], t_opt[e:]) i
f x and t is not None]; f.close() if t is not None else os.remove(tmpfname);").
..executed.

runsystem(pygmentize -l ocaml -f latex -P commandprefix=PYG -F tokenmerge -P st
ripnl=False -P mathescape=True -o /home/matthieu/Documents/Ecole/Informatique/c
ours/annexe-ocaml-imperatif.latex/obj/ocaml-imperatif.out.pyg /home/matthieu/Do
cuments/Ecole/Informatique/cours/annexe-ocaml-imperatif.latex/obj/ocaml-imperat
if.pyg)...executed.

 [2]
(/home/matthieu/Documents/Ecole/Informatique/cours/annexe-ocaml-imperatif.latex
/obj/ocaml-imperatif.out.pyg)
\openout3 = `ocaml-imperatif.pyg'.

runsystem(python3 -c "import sys; import os; import textwrap; from io import op
en; fname = os.path.expanduser(os.path.expandvars(\"/home/matthieu/Documents/Ec
ole/Informatique/cours/annexe-ocaml-imperatif.latex/obj/ocaml-imperatif.pyg\"))
; f = open(fname, \"r\", encoding=\"UTF8\") if os.path.isfile(fname) else None;
 t = f.readlines() if f is not None else None; t_opt = t if t is not None else 
[]; f.close() if f is not None else None; tmpfname = os.path.expanduser(os.path
.expandvars(\"/home/matthieu/Documents/Ecole/Informatique/cours/annexe-ocaml-im
peratif.latex/obj/ocaml-imperatif.pyg\")); f = open(tmpfname, \"w\", encoding=\
"UTF8\") if t is not None else None; fvstartnum = 0; fvstopnum = -1; s = max(0,
 fvstartnum-1); e = min(s, fvstopnum if fvstopnum > 0 else len(t_opt)); [f.writ
e(textwrap.dedent(\"\".join(x))) for x in (t_opt[0:s], t_opt[s:e], t_opt[e:]) i
f x and t is not None]; f.close() if t is not None else os.remove(tmpfname);").
..executed.

runsystem(pygmentize -l ocaml -f latex -P commandprefix=PYG -F tokenmerge -P st
ripnl=False -P mathescape=True -o /home/matthieu/Documents/Ecole/Informatique/c
ours/annexe-ocaml-imperatif.latex/obj/ocaml-imperatif.out.pyg /home/matthieu/Do
cuments/Ecole/Informatique/cours/annexe-ocaml-imperatif.latex/obj/ocaml-imperat
if.pyg)...executed.


(/home/matthieu/Documents/Ecole/Informatique/cours/annexe-ocaml-imperatif.latex
/obj/ocaml-imperatif.out.pyg)
\openout3 = `ocaml-imperatif.pyg'.

runsystem(python3 -c "import sys; import os; import textwrap; from io import op
en; fname = os.path.expanduser(os.path.expandvars(\"/home/matthieu/Documents/Ec
ole/Informatique/cours/annexe-ocaml-imperatif.latex/obj/ocaml-imperatif.pyg\"))
; f = open(fname, \"r\", encoding=\"UTF8\") if os.path.isfile(fname) else None;
 t = f.readlines() if f is not None else None; t_opt = t if t is not None else 
[]; f.close() if f is not None else None; tmpfname = os.path.expanduser(os.path
.expandvars(\"/home/matthieu/Documents/Ecole/Informatique/cours/annexe-ocaml-im
peratif.latex/obj/ocaml-imperatif.pyg\")); f = open(tmpfname, \"w\", encoding=\
"UTF8\") if t is not None else None; fvstartnum = 0; fvstopnum = -1; s = max(0,
 fvstartnum-1); e = min(s, fvstopnum if fvstopnum > 0 else len(t_opt)); [f.writ
e(textwrap.dedent(\"\".join(x))) for x in (t_opt[0:s], t_opt[s:e], t_opt[e:]) i
f x and t is not None]; f.close() if t is not None else os.remove(tmpfname);").
..executed.

runsystem(pygmentize -l ocaml -f latex -P commandprefix=PYG -F tokenmerge -P st
ripnl=False -P mathescape=True -o /home/matthieu/Documents/Ecole/Informatique/c
ours/annexe-ocaml-imperatif.latex/obj/ocaml-imperatif.out.pyg /home/matthieu/Do
cuments/Ecole/Informatique/cours/annexe-ocaml-imperatif.latex/obj/ocaml-imperat
if.pyg)...executed.


(/home/matthieu/Documents/Ecole/Informatique/cours/annexe-ocaml-imperatif.latex
/obj/ocaml-imperatif.out.pyg) [3] (../obj/ocaml-imperatif.aux)
runsystem(rm /home/matthieu/Documents/Ecole/Informatique/cours/annexe-ocaml-imp
eratif.latex/obj//ocaml-imperatif.pyg)...executed.

runsystem(rm /home/matthieu/Documents/Ecole/Informatique/cours/annexe-ocaml-imp
eratif.latex/obj//ocaml-imperatif.out.pyg)...executed.

 ) 
Here is how much of TeX's memory you used:
 26932 strings out of 478276
 564248 string characters out of 5853014
 1018387 words of memory out of 5000000
 44593 multiletter control sequences out of 15000+600000
 529265 words of font info for 92 fonts, out of 8000000 for 9000
 1141 hyphenation exceptions out of 8191
 115i,20n,109p,10610b,808s stack positions out of 5000i,500n,10000p,200000b,80000s
{/usr/share/texmf-dist/fonts/enc/dvips/lm/lm-mathsy.enc}{/usr/share/texmf-dis
t/fonts/enc/dvips/lm/lm-mathit.enc}{/usr/share/texmf-dist/fonts/enc/dvips/lm/lm
-ts1.enc}{/usr/share/texmf-dist/fonts/enc/dvips/lm/lm-ec.enc}{/usr/share/texmf-
dist/fonts/enc/dvips/cm-super/cm-super-t1.enc}</usr/share/texmf-dist/fonts/type
1/public/lm/lmbx10.pfb></usr/share/texmf-dist/fonts/type1/public/lm/lmmi10.pfb>
</usr/share/texmf-dist/fonts/type1/public/lm/lmr10.pfb></usr/share/texmf-dist/f
onts/type1/public/lm/lmr6.pfb></usr/share/texmf-dist/fonts/type1/public/lm/lmro
10.pfb></usr/share/texmf-dist/fonts/type1/public/lm/lmssbx10.pfb></usr/share/te
xmf-dist/fonts/type1/public/lm/lmsy10.pfb></usr/share/texmf-dist/fonts/type1/pu
blic/lm/lmtk10.pfb></usr/share/texmf-dist/fonts/type1/public/lm/lmtt10.pfb></us
r/share/texmf-dist/fonts/type1/public/lm/lmtto10.pfb></usr/share/texmf-dist/fon
ts/type1/public/amsfonts/symbols/msbm10.pfb></usr/share/texmf-dist/fonts/type1/
public/cm-super/sfsx1000.pfb></usr/share/texmf-dist/fonts/type1/public/stmaryrd
/stmary10.pfb>
Output written on ../obj/ocaml-imperatif.pdf (3 pages, 254222 bytes).
PDF statistics:
 90 PDF objects out of 1000 (max. 8388607)
 57 compressed objects within 1 object stream
 0 named destinations out of 1000 (max. 500000)
 13 words of extra memory for PDF output out of 10000 (max. 10000000)

